Determining if the pthread_create exist failed with the following output:
Change Dir: /mnt/d/SemII/APT/P2/P2/CMakeFiles/CMakeTmp

Run Build Command:"/usr/bin/make" "cmTC_d184b/fast"
make[1]: Entering directory '/mnt/d/SemII/APT/P2/P2/CMakeFiles/CMakeTmp'
/usr/bin/make -f CMakeFiles/cmTC_d184b.dir/build.make CMakeFiles/cmTC_d184b.dir/build
make[2]: Entering directory '/mnt/d/SemII/APT/P2/P2/CMakeFiles/CMakeTmp'
Building C object CMakeFiles/cmTC_d184b.dir/CheckSymbolExists.c.o
/usr/bin/cc    -o CMakeFiles/cmTC_d184b.dir/CheckSymbolExists.c.o   -c /mnt/d/SemII/APT/P2/P2/CMakeFiles/CMakeTmp/CheckSymbolExists.c
Linking C executable cmTC_d184b
/usr/local/bin/cmake -E cmake_link_script CMakeFiles/cmTC_d184b.dir/link.txt --verbose=1
/usr/bin/cc      -rdynamic CMakeFiles/cmTC_d184b.dir/CheckSymbolExists.c.o  -o cmTC_d184b 
CMakeFiles/cmTC_d184b.dir/CheckSymbolExists.c.o: In function `main':
CheckSymbolExists.c:(.text+0x16): undefined reference to `pthread_create'
collect2: error: ld returned 1 exit status
CMakeFiles/cmTC_d184b.dir/build.make:86: recipe for target 'cmTC_d184b' failed
make[2]: *** [cmTC_d184b] Error 1
make[2]: Leaving directory '/mnt/d/SemII/APT/P2/P2/CMakeFiles/CMakeTmp'
Makefile:126: recipe for target 'cmTC_d184b/fast' failed
make[1]: *** [cmTC_d184b/fast] Error 2
make[1]: Leaving directory '/mnt/d/SemII/APT/P2/P2/CMakeFiles/CMakeTmp'

File /mnt/d/SemII/APT/P2/P2/CMakeFiles/CMakeTmp/CheckSymbolExists.c:
/* */
#include <pthread.h>

int main(int argc, char** argv)
{
  (void)argv;
#ifndef pthread_create
  return ((int*)(&pthread_create))[argc];
#else
  (void)argc;
  return 0;
#endif
}

Determining if the function pthread_create exists in the pthreads failed with the following output:
Change Dir: /mnt/d/SemII/APT/P2/P2/CMakeFiles/CMakeTmp

Run Build Command:"/usr/bin/make" "cmTC_e10ed/fast"
make[1]: Entering directory '/mnt/d/SemII/APT/P2/P2/CMakeFiles/CMakeTmp'
/usr/bin/make -f CMakeFiles/cmTC_e10ed.dir/build.make CMakeFiles/cmTC_e10ed.dir/build
make[2]: Entering directory '/mnt/d/SemII/APT/P2/P2/CMakeFiles/CMakeTmp'
Building C object CMakeFiles/cmTC_e10ed.dir/CheckFunctionExists.c.o
/usr/bin/cc   -DCHECK_FUNCTION_EXISTS=pthread_create   -o CMakeFiles/cmTC_e10ed.dir/CheckFunctionExists.c.o   -c /usr/local/share/cmake-3.11/Modules/CheckFunctionExists.c
Linking C executable cmTC_e10ed
/usr/local/bin/cmake -E cmake_link_script CMakeFiles/cmTC_e10ed.dir/link.txt --verbose=1
/usr/bin/cc  -DCHECK_FUNCTION_EXISTS=pthread_create    -rdynamic CMakeFiles/cmTC_e10ed.dir/CheckFunctionExists.c.o  -o cmTC_e10ed -lpthreads 
/usr/bin/ld: cannot find -lpthreads
collect2: error: ld returned 1 exit status
CMakeFiles/cmTC_e10ed.dir/build.make:86: recipe for target 'cmTC_e10ed' failed
make[2]: *** [cmTC_e10ed] Error 1
make[2]: Leaving directory '/mnt/d/SemII/APT/P2/P2/CMakeFiles/CMakeTmp'
Makefile:126: recipe for target 'cmTC_e10ed/fast' failed
make[1]: *** [cmTC_e10ed/fast] Error 2
make[1]: Leaving directory '/mnt/d/SemII/APT/P2/P2/CMakeFiles/CMakeTmp'


